c:\users\wgiron\source\repos\c\plus_ou_moins\plus_ou_moins\x64\debug\vc143.pdb
c:\users\wgiron\source\repos\c\plus_ou_moins\plus_ou_moins\x64\debug\vc143.idb
c:\users\wgiron\source\repos\c\plus_ou_moins\plus_ou_moins\x64\debug\plus_ou_moins.obj
c:\users\wgiron\source\repos\c\plus_ou_moins\x64\debug\plus_ou_moins.pdb
c:\users\wgiron\source\repos\c\plus_ou_moins\plus_ou_moins\x64\debug\plus_ou_moins.tlog\cl.command.1.tlog
c:\users\wgiron\source\repos\c\plus_ou_moins\plus_ou_moins\x64\debug\plus_ou_moins.tlog\cl.items.tlog
c:\users\wgiron\source\repos\c\plus_ou_moins\plus_ou_moins\x64\debug\plus_ou_moins.tlog\cl.read.1.tlog
c:\users\wgiron\source\repos\c\plus_ou_moins\plus_ou_moins\x64\debug\plus_ou_moins.tlog\cl.write.1.tlog
c:\users\wgiron\source\repos\c\plus_ou_moins\plus_ou_moins\x64\debug\plus_ou_moins.tlog\link.22284-cvtres.read.1.tlog
c:\users\wgiron\source\repos\c\plus_ou_moins\plus_ou_moins\x64\debug\plus_ou_moins.tlog\link.22284-cvtres.write.1.tlog
c:\users\wgiron\source\repos\c\plus_ou_moins\plus_ou_moins\x64\debug\plus_ou_moins.tlog\link.22284-rc.read.1.tlog
c:\users\wgiron\source\repos\c\plus_ou_moins\plus_ou_moins\x64\debug\plus_ou_moins.tlog\link.22284-rc.write.1.tlog
c:\users\wgiron\source\repos\c\plus_ou_moins\plus_ou_moins\x64\debug\plus_ou_moins.tlog\link.22284.read.1.tlog
c:\users\wgiron\source\repos\c\plus_ou_moins\plus_ou_moins\x64\debug\plus_ou_moins.tlog\link.22284.read.2.tlog
c:\users\wgiron\source\repos\c\plus_ou_moins\plus_ou_moins\x64\debug\plus_ou_moins.tlog\link.22284.read.3.tlog
c:\users\wgiron\source\repos\c\plus_ou_moins\plus_ou_moins\x64\debug\plus_ou_moins.tlog\link.22284.read.4.tlog
c:\users\wgiron\source\repos\c\plus_ou_moins\plus_ou_moins\x64\debug\plus_ou_moins.tlog\link.22284.write.1.tlog
c:\users\wgiron\source\repos\c\plus_ou_moins\plus_ou_moins\x64\debug\plus_ou_moins.tlog\link.command.1.tlog
c:\users\wgiron\source\repos\c\plus_ou_moins\plus_ou_moins\x64\debug\plus_ou_moins.tlog\link.read.1.tlog
c:\users\wgiron\source\repos\c\plus_ou_moins\plus_ou_moins\x64\debug\plus_ou_moins.tlog\link.write.1.tlog
